<?xml version="1.0" encoding="UTF-8"?>
<!-- Generated by org.testng.reporters.JUnitReportReporter -->
<testsuite hostname="DESKTOP-9CO02UK" failures="0" tests="2" name="functionalTests.testsByBonface.AddProductsIndex" time="9.985" errors="0" timestamp="2022-08-01T10:01:18 EAT" skipped="0">
  <testcase classname="functionalTests.testsByBonface.AddProductsIndex" name="clickPink" time="8.548"/>
  <system-out/>
  <testcase classname="functionalTests.testsByBonface.AddProductsIndex" name="clickproducts" time="1.437"/>
  <system-out/>
</testsuite> <!-- functionalTests.testsByBonface.AddProductsIndex -->
