<?xml version="1.0" encoding="UTF-8"?>
<!-- Generated by org.testng.reporters.JUnitReportReporter -->
<testsuite hostname="DESKTOP-9CO02UK" failures="0" tests="7" name="functionalTests.testsByBonface.searchProducts" time="5.508" errors="0" timestamp="2023-03-10T09:17:10 EAT" skipped="0">
  <testcase classname="functionalTests.testsByBonface.searchProducts" name="searchField" time="0.320"/>
  <system-out/>
  <testcase classname="functionalTests.testsByBonface.searchProducts" name="addProducts" time="1.392"/>
  <system-out/>
  <testcase classname="functionalTests.testsByBonface.searchProducts" name="clickCart" time="0.119"/>
  <system-out/>
  <testcase classname="functionalTests.testsByBonface.searchProducts" name="clickview" time="0.645"/>
  <system-out/>
  <testcase classname="functionalTests.testsByBonface.searchProducts" name="editCartQuantity" time="1.324"/>
  <system-out/>
  <testcase classname="functionalTests.testsByBonface.searchProducts" name="updateQuantity" time="0.268"/>
  <system-out/>
  <testcase classname="functionalTests.testsByBonface.searchProducts" name="assertTotalPrice" time="1.440"/>
  <system-out/>
</testsuite> <!-- functionalTests.testsByBonface.searchProducts -->
