<?xml version="1.0" encoding="UTF-8"?>
<!-- Generated by org.testng.reporters.JUnitReportReporter -->
<testsuite skipped="0" hostname="DESKTOP-F0NG1DC" name="functionalTests.testsByBrian.tests.Cart.Full_cart" tests="1" failures="0" timestamp="2022-07-27T11:32:04 EAT" time="16.603" errors="0">
  <testcase name="Add_1_product" time="16.603" classname="functionalTests.testsByBrian.tests.Cart.Full_cart"/>
  <system-out/>
</testsuite> <!-- functionalTests.testsByBrian.tests.Cart.Full_cart -->
