<?xml version="1.0" encoding="UTF-8"?>
<!-- Generated by org.testng.reporters.JUnitReportReporter -->
<testsuite skipped="0" hostname="DESKTOP-F0NG1DC" name="functionalTests.testsByBrian.tests.SignIn.Validation_messages_for_required_fields" tests="4" failures="0" timestamp="2022-07-20T13:10:31 EAT" time="61.418" errors="0">
  <testcase name="Empty_fields" time="19.709" classname="functionalTests.testsByBrian.tests.SignIn.Validation_messages_for_required_fields"/>
  <system-out/>
  <testcase name="Incorrect_email" time="11.345" classname="functionalTests.testsByBrian.tests.SignIn.Validation_messages_for_required_fields"/>
  <system-out/>
  <testcase name="Password_less_than_6_symbols" time="13.289" classname="functionalTests.testsByBrian.tests.SignIn.Validation_messages_for_required_fields"/>
  <system-out/>
  <testcase name="Add_valid_data" time="17.075" classname="functionalTests.testsByBrian.tests.SignIn.Validation_messages_for_required_fields"/>
  <system-out/>
</testsuite> <!-- functionalTests.testsByBrian.tests.SignIn.Validation_messages_for_required_fields -->
