<?xml version="1.0" encoding="UTF-8"?>
<!-- Generated by org.testng.reporters.JUnitReportReporter -->
<testsuite hostname="DESKTOP-9CO02UK" failures="0" tests="1" name="functionalTests.testsByBonface.ExtentTestReports" time="3.919" errors="0" timestamp="2023-03-10T09:16:19 EAT" skipped="0">
  <testcase classname="functionalTests.testsByBonface.ExtentTestReports" name="test1" time="3.919"/>
  <system-out/>
</testsuite> <!-- functionalTests.testsByBonface.ExtentTestReports -->
