<?xml version="1.0" encoding="UTF-8"?>
<!-- Generated by org.testng.reporters.JUnitReportReporter -->
<testsuite skipped="0" hostname="DESKTOP-F0NG1DC" name="functionalTests.testsByBrian.tests.SignIn.Validation_messages_for_required_fields" tests="1" failures="0" timestamp="2022-07-20T05:33:03 EAT" time="15.375" errors="0">
  <testcase name="Empty_fields" time="15.375" classname="functionalTests.testsByBrian.tests.SignIn.Validation_messages_for_required_fields"/>
  <system-out/>
</testsuite> <!-- functionalTests.testsByBrian.tests.SignIn.Validation_messages_for_required_fields -->
