<?xml version="1.0" encoding="UTF-8"?>
<!-- Generated by org.testng.reporters.JUnitReportReporter -->
<testsuite hostname="DESKTOP-9CO02UK" failures="0" tests="7" name="functionalTests.testsByBonface.searchProducts" time="4.609" errors="0" timestamp="2022-08-01T14:14:57 EAT" skipped="0">
  <testcase classname="functionalTests.testsByBonface.searchProducts" name="searchField" time="0.156"/>
  <system-out/>
  <testcase classname="functionalTests.testsByBonface.searchProducts" name="addProducts" time="1.171"/>
  <system-out/>
  <testcase classname="functionalTests.testsByBonface.searchProducts" name="clickCart" time="0.042"/>
  <system-out/>
  <testcase classname="functionalTests.testsByBonface.searchProducts" name="clickview" time="0.774"/>
  <system-out/>
  <testcase classname="functionalTests.testsByBonface.searchProducts" name="editCartQuantity" time="1.201"/>
  <system-out/>
  <testcase classname="functionalTests.testsByBonface.searchProducts" name="updateQuantity" time="0.074"/>
  <system-out/>
  <testcase classname="functionalTests.testsByBonface.searchProducts" name="assertTotalPrice" time="1.191"/>
  <system-out/>
</testsuite> <!-- functionalTests.testsByBonface.searchProducts -->
