<?xml version="1.0" encoding="UTF-8"?>
<!-- Generated by org.testng.reporters.JUnitReportReporter -->
<testsuite hostname="DESKTOP-9CO02UK" failures="0" tests="1" name="utils.CaptureScreenshots" time="0.507" errors="0" timestamp="2022-08-17T22:10:37 EAT" skipped="0">
  <testcase classname="utils.CaptureScreenshots" name="testScreenshot" time="0.507"/>
  <system-out/>
</testsuite> <!-- utils.CaptureScreenshots -->
