<?xml version="1.0" encoding="UTF-8"?>
<!-- Generated by org.testng.reporters.JUnitReportReporter -->
<testsuite hostname="DESKTOP-9CO02UK" failures="0" tests="1" name="functionalTests.testsByBonface.TestBrokenLinks" time="36.215" errors="0" timestamp="2022-08-18T08:52:14 EAT" skipped="0">
  <testcase classname="functionalTests.testsByBonface.TestBrokenLinks" name="testBrokenLinks" time="36.215"/>
  <system-out/>
</testsuite> <!-- functionalTests.testsByBonface.TestBrokenLinks -->
