<?xml version="1.0" encoding="UTF-8"?>
<!-- Generated by org.testng.reporters.JUnitReportReporter -->
<testsuite hostname="DESKTOP-9CO02UK" failures="0" tests="2" name="functionalTests.testsByBonface.AddProductsIndex" time="7.259" errors="0" timestamp="2022-08-20T19:23:12 EAT" skipped="0">
  <testcase classname="functionalTests.testsByBonface.AddProductsIndex" name="clickPink" time="5.698"/>
  <system-out/>
  <testcase classname="functionalTests.testsByBonface.AddProductsIndex" name="clickproducts" time="1.561"/>
  <system-out/>
</testsuite> <!-- functionalTests.testsByBonface.AddProductsIndex -->
