<?xml version="1.0" encoding="UTF-8"?>
<!-- Generated by org.testng.reporters.JUnitReportReporter -->
<testsuite hostname="DESKTOP-9CO02UK" failures="0" tests="1" name="functionalTests.testsByBrian.tests.Cart.Full_cart" time="6.539" errors="0" timestamp="2022-07-29T09:31:23 EAT" skipped="0">
  <testcase classname="functionalTests.testsByBrian.tests.Cart.Full_cart" name="Add_1_product" time="6.539"/>
  <system-out/>
</testsuite> <!-- functionalTests.testsByBrian.tests.Cart.Full_cart -->
